
> angularjs-starter@0.0.1 dev /home/assist/Projects/BookingApp
> concurrently --kill-others "webpack-dev-server --host 0.0.0.0" "json-server -w db.json"


[1] [1]   \{^_^}/ hi!

[1] [1]   Loading db.json
[1]   Done
[1]   Type s + enter at any time to create a snapshot of the database
[1] 
[1]   Resources
[1]   http://localhost:3000/companies
[1]   http://localhost:3000/bookings
[1]   http://localhost:3000/services
[1] 
[1]   Home
[1]   http://localhost:3000
[1] 
[1]   Watching...
[1] 
[0] Project is running at [1m[34mhttp://0.0.0.0:8080/[39m[22m
[0] webpack output is served from [1m[34m/[39m[22m
[0] Content not from webpack is served from [1m[34m/home/assist/Projects/BookingApp/app[39m[22m
Hash: [1m14c24007962f63c437e3[39m[22m
[0] Version: webpack [1m2.7.0[39m[22m
[0] Time: [1m4056[39m[22mms
[0]           [1mAsset[39m[22m     [1mSize[39m[22m  [1mChunks[39m[22m  [1m[39m[22m           [1m[39m[22m       [1mChunk Names[39m[22m
[0] [1m[33mindex-bundle.js[39m[22m  [1m[33m1.87 MB[39m[22m       [1m0[39m[22m  [1m[32m[emitted][39m[22m  [1m[33m[big][39m[22m  index
[0] chunk    {[1m[33m0[39m[22m} [1m[32mindex-bundle.js[39m[22m (index) 1.72 MB[1m[33m [entry][39m[22m[1m[32m [rendered][39m[22m
[0]     [3] [1m./~/angular/index.js[39m[22m 48 bytes {[1m[33m0[39m[22m}[1m[32m [built][39m[22m
[0]    [12] [1m./app/App.js[39m[22m 444 bytes {[1m[33m0[39m[22m}[1m[32m [built][39m[22m
[0]    [13] [1m(webpack)-dev-server/client?http://0.0.0.0:8080[39m[22m 7.91 kB {[1m[33m0[39m[22m}[1m[32m [built][39m[22m
[0]    [22] [1m./app/Admin/Main.module.js[39m[22m 1.2 kB {[1m[33m0[39m[22m}[1m[32m [built][39m[22m
[0]    [27] [1m./app/App.config.js[39m[22m 1.11 kB {[1m[33m0[39m[22m}[1m[32m [built][39m[22m
[0]    [28] [1m./app/Core/Main.module.js[39m[22m 751 bytes {[1m[33m0[39m[22m}[1m[32m [built][39m[22m
[0]    [35] [1m./app/Public/Main.module.js[39m[22m 939 bytes {[1m[33m0[39m[22m}[1m[32m [built][39m[22m
[0]    [45] [1m./~/loglevel/lib/loglevel.js[39m[22m 7.86 kB {[1m[33m0[39m[22m}[1m[32m [built][39m[22m
[0]    [75] [1m./~/url/url.js[39m[22m 23.3 kB {[1m[33m0[39m[22m}[1m[32m [built][39m[22m
[0]    [77] [1m(webpack)-dev-server/client/overlay.js[39m[22m 3.67 kB {[1m[33m0[39m[22m}[1m[32m [built][39m[22m
[0]    [78] [1m(webpack)-dev-server/client/socket.js[39m[22m 1.08 kB {[1m[33m0[39m[22m}[1m[32m [built][39m[22m
[0]    [80] [1m(webpack)-dev-server/~/strip-ansi/index.js[39m[22m 150 bytes {[1m[33m0[39m[22m}[1m[32m [built][39m[22m
[0]    [82] [1m(webpack)/hot nonrecursive ^\.\/log$[39m[22m 160 bytes {[1m[33m0[39m[22m}[1m[32m [built][39m[22m
[0]    [83] [1m(webpack)/hot/emitter.js[39m[22m 77 bytes {[1m[33m0[39m[22m}[1m[32m [built][39m[22m
[0]    [84] [1mmulti (webpack)-dev-server/client?http://0.0.0.0:8080 ./app/App.js[39m[22m 40 bytes {[1m[33m0[39m[22m}[1m[32m [built][39m[22m
[0]      + 70 hidden modules
[0] webpack: Compiled successfully.
[0] [1] [0mGET /services/ [32m200 [0m8.332 ms - -[0m
[0] webpack: Compiling...
[0] Hash: [1m99c7f99de17d1439ce64[39m[22m
[0] Version: webpack [1m2.7.0[39m[22m
[0] Time: [1m97[39m[22mms
[0]                                [1mAsset[39m[22m      [1mSize[39m[22m  [1mChunks[39m[22m  [1m[39m[22m           [1m[39m[22m       [1mChunk Names[39m[22m
[0]                      [1m[33mindex-bundle.js[39m[22m   [1m[33m1.87 MB[39m[22m       [1m0[39m[22m  [1m[32m[emitted][39m[22m  [1m[33m[big][39m[22m  index
[0] [1m[32m0.14c24007962f63c437e3.hot-update.js[39m[22m   2.83 kB       [1m0[39m[22m  [1m[32m[emitted][39m[22m         index
[0] [1m[32m14c24007962f63c437e3.hot-update.json[39m[22m  43 bytes        [1m[39m[22m  [1m[32m[emitted][39m[22m         
[0] chunk    {[1m[33m0[39m[22m} [1m[32mindex-bundle.js, 0.14c24007962f63c437e3.hot-update.js[39m[22m (index) 1.72 MB[1m[33m [entry][39m[22m[1m[32m [rendered][39m[22m
[0]    [18] [1m./app/Admin/Auth/AdminLogin/AdminLogin.component.js[39m[22m 1.4 kB {[1m[33m0[39m[22m}[1m[32m [built][39m[22m
[0]    [82] [1m(webpack)/hot nonrecursive ^\.\/log$[39m[22m 160 bytes {[1m[33m0[39m[22m}[1m[32m [built][39m[22m
[0]      + 83 hidden modules
[0] webpack: Compiled successfully.
[1] [0mGET /services/ [32m200 [0m2.185 ms - -[0m
[1] [0mGET /companies/2 [32m200 [0m1.369 ms - 424[0m
[1] [0mGET /companies/2 [32m200 [0m0.639 ms - 424[0m
[1] [0mGET /companies/5 [32m200 [0m0.658 ms - 342[0m
[1] [0mGET /companies/2 [32m200 [0m0.316 ms - 424[0m
[1] [0mGET /companies/3 [32m200 [0m0.497 ms - 381[0m
[1] [0mGET /companies/1 [32m200 [0m0.514 ms - 706[0m
[1] [0mGET /companies/1 [32m200 [0m0.443 ms - 706[0m
[1] [0mGET /companies/6 [32m200 [0m0.452 ms - 610[0m
[1] [0mGET /companies/8 [32m200 [0m0.343 ms - 638[0m
[0] webpack: Compiling...
[0] Hash: [1m3d56af7ce35a8b527d42[39m[22m
[0] Version: webpack [1m2.7.0[39m[22m
[0] Time: [1m206[39m[22mms
[0]                                [1mAsset[39m[22m      [1mSize[39m[22m  [1mChunks[39m[22m  [1m[39m[22m           [1m[39m[22m       [1mChunk Names[39m[22m
[0]                      [1m[33mindex-bundle.js[39m[22m   [1m[33m1.87 MB[39m[22m       [1m0[39m[22m  [1m[32m[emitted][39m[22m  [1m[33m[big][39m[22m  index
[0] [1m[32m0.99c7f99de17d1439ce64.hot-update.js[39m[22m   2.34 kB       [1m0[39m[22m  [1m[32m[emitted][39m[22m         index
[0] [1m[32m99c7f99de17d1439ce64.hot-update.json[39m[22m  43 bytes        [1m[39m[22m  [1m[32m[emitted][39m[22m         
[0] chunk    {[1m[33m0[39m[22m} [1m[32mindex-bundle.js, 0.99c7f99de17d1439ce64.hot-update.js[39m[22m (index) 1.72 MB[1m[33m [entry][39m[22m[1m[32m [rendered][39m[22m
[0]    [18] [1m./app/Admin/Auth/AdminLogin/AdminLogin.component.js[39m[22m 977 bytes {[1m[33m0[39m[22m}[1m[32m [built][39m[22m
[0]    [82] [1m(webpack)/hot nonrecursive ^\.\/log$[39m[22m 160 bytes {[1m[33m0[39m[22m}[1m[32m [built][39m[22m
[0]      + 83 hidden modules
[0] webpack: Compiled successfully.
[0] webpack: Compiling...
[0] Hash: [1mfce3fc738e863ebf2664[39m[22m
[0] Version: webpack [1m2.7.0[39m[22m
[0] Time: [1m157[39m[22mms
[0]                                [1mAsset[39m[22m      [1mSize[39m[22m  [1mChunks[39m[22m  [1m[39m[22m           [1m[39m[22m       [1mChunk Names[39m[22m
[0]                      [1m[33mindex-bundle.js[39m[22m   [1m[33m1.86 MB[39m[22m       [1m0[39m[22m  [1m[32m[emitted][39m[22m  [1m[33m[big][39m[22m  index
[0] [1m[32m0.3d56af7ce35a8b527d42.hot-update.js[39m[22m   4.43 kB       [1m0[39m[22m  [1m[32m[emitted][39m[22m         index
[0] [1m[32m3d56af7ce35a8b527d42.hot-update.json[39m[22m  43 bytes        [1m[39m[22m  [1m[32m[emitted][39m[22m         
[0] chunk    {[1m[33m0[39m[22m} [1m[32mindex-bundle.js, 0.3d56af7ce35a8b527d42.hot-update.js[39m[22m (index) 1.71 MB[1m[33m [entry][39m[22m[1m[32m [rendered][39m[22m
[0]    [18] [1m./app/Admin/Auth/AdminLogin/AdminLogin.component.js[39m[22m 241 bytes {[1m[33m0[39m[22m}[1m[32m [built][39m[22m[1m[31m [failed][39m[22m[1m[31m [1 error][39m[22m
[0]    [82] [1m(webpack)/hot nonrecursive ^\.\/log$[39m[22m 160 bytes {[1m[33m0[39m[22m}[1m[32m [built][39m[22m
[0]      + 80 hidden modules
[0] 
[0] [1m[31mERROR in ./app/Admin/Auth/AdminLogin/AdminLogin.component.js
[0] Module build failed: Duplicate declaration "API"
[0] 
[0]   27 | }
[0]   28 | 
[0] > 29 | const API = {
[0]      |       ^
[0]   30 | 	base: 'http://localhost:3800/',
[0]   31 | 	signin: 'users/signin',
[0]   32 | 	signup: 'users/signup',
[0] 
[0]  @ ./app/Admin/Main.module.js 5:0-77
[0]  @ ./app/App.js
[0]  @ multi (webpack)-dev-server/client?http://0.0.0.0:8080 ./app/App.js[39m[22m
[0] webpack: Failed to compile.
[0] webpack: Compiling...
[0] Hash: [1m7dadc645f3f137485a2d[39m[22m
[0] Version: webpack [1m2.7.0[39m[22m
[0] Time: [1m86[39m[22mms
[0]                                [1mAsset[39m[22m      [1mSize[39m[22m  [1mChunks[39m[22m  [1m[39m[22m           [1m[39m[22m       [1mChunk Names[39m[22m
[0]                      [1m[33mindex-bundle.js[39m[22m   [1m[33m1.87 MB[39m[22m       [1m0[39m[22m  [1m[32m[emitted][39m[22m  [1m[33m[big][39m[22m  index
[0] [1m[32m0.fce3fc738e863ebf2664.hot-update.js[39m[22m   10.1 kB       [1m0[39m[22m  [1m[32m[emitted][39m[22m         index
[0] [1m[32mfce3fc738e863ebf2664.hot-update.json[39m[22m  43 bytes        [1m[39m[22m  [1m[32m[emitted][39m[22m         
[0] chunk    {[1m[33m0[39m[22m} [1m[32mindex-bundle.js, 0.fce3fc738e863ebf2664.hot-update.js[39m[22m (index) 1.72 MB[1m[33m [entry][39m[22m[1m[32m [rendered][39m[22m
[0]    [18] [1m./app/Admin/Auth/AdminLogin/AdminLogin.component.js[39m[22m 792 bytes {[1m[33m0[39m[22m}[1m[32m [built][39m[22m
[0]    [82] [1m(webpack)/hot nonrecursive ^\.\/log$[39m[22m 160 bytes {[1m[33m0[39m[22m}[1m[32m [built][39m[22m
[0]    [85] [1m./app/api.url.js[39m[22m 0 bytes {[1m[33m0[39m[22m}[1m[32m [built][39m[22m
[0]      + 83 hidden modules
[0] webpack: Compiled successfully.
webpack: Compiling...
[0] [0] Hash: [1me4e22fe4943949e38007[39m[22m
[0] Version: webpack [1m2.7.0[39m[22m
[0] Time: [1m141[39m[22mms
[0]                                [1mAsset[39m[22m       [1mSize[39m[22m  [1mChunks[39m[22m  [1m[39m[22m           [1m[39m[22m       [1mChunk Names[39m[22m
[0]                      [1m[33mindex-bundle.js[39m[22m    [1m[33m1.87 MB[39m[22m       [1m0[39m[22m  [1m[32m[emitted][39m[22m  [1m[33m[big][39m[22m  index
[0] [1m[32m0.7dadc645f3f137485a2d.hot-update.js[39m[22m  565 bytes       [1m0[39m[22m  [1m[32m[emitted][39m[22m         index
[0] [1m[32m7dadc645f3f137485a2d.hot-update.json[39m[22m   43 bytes        [1m[39m[22m  [1m[32m[emitted][39m[22m         
[0] chunk    {[1m[33m0[39m[22m} [1m[32mindex-bundle.js, 0.7dadc645f3f137485a2d.hot-update.js[39m[22m (index) 1.72 MB[1m[33m [entry][39m[22m[1m[32m [rendered][39m[22m
[0]    [82] [1m(webpack)/hot nonrecursive ^\.\/log$[39m[22m 160 bytes {[1m[33m0[39m[22m}[1m[32m [built][39m[22m
[0]    [85] [1m./app/api.url.js[39m[22m 169 bytes {[1m[33m0[39m[22m}[1m[32m [built][39m[22m
[0]      + 84 hidden modules
[0] webpack: Compiled successfully.
[0] webpack: Compiling...
[0] webpack: Compiled successfully.
[0] Hash: [1me4e22fe4943949e38007[39m[22m
[0] Version: webpack [1m2.7.0[39m[22m
[0] Time: [1m83[39m[22mms
[0] chunk    {[1m[33m0[39m[22m} [1m[32mindex-bundle.js[39m[22m (index) 1.72 MB[1m[33m [entry][39m[22m
[0]    [18] [1m./app/Admin/Auth/AdminLogin/AdminLogin.component.js[39m[22m 792 bytes {[1m[33m0[39m[22m}[1m[32m [built][39m[22m
[0]    [82] [1m(webpack)/hot nonrecursive ^\.\/log$[39m[22m 160 bytes {[1m[33m0[39m[22m}[1m[32m [built][39m[22m
[0]      + 84 hidden modules
[0] webpack: Compiling...
[0] Hash: [1mbe0d445a2809092ef201[39m[22m
[0] Version: webpack [1m2.7.0[39m[22m
[0] Time: [1m61[39m[22mms
[0]                                [1mAsset[39m[22m      [1mSize[39m[22m  [1mChunks[39m[22m  [1m[39m[22m           [1m[39m[22m       [1mChunk Names[39m[22m
[0]                      [1m[33mindex-bundle.js[39m[22m   [1m[33m1.87 MB[39m[22m       [1m0[39m[22m  [1m[32m[emitted][39m[22m  [1m[33m[big][39m[22m  index
[0] [1m[32m0.e4e22fe4943949e38007.hot-update.js[39m[22m   2.98 kB       [1m0[39m[22m  [1m[32m[emitted][39m[22m         index
[0] [1m[32me4e22fe4943949e38007.hot-update.json[39m[22m  43 bytes        [1m[39m[22m  [1m[32m[emitted][39m[22m         
[0] chunk    {[1m[33m0[39m[22m} [1m[32mindex-bundle.js, 0.e4e22fe4943949e38007.hot-update.js[39m[22m (index) 1.72 MB[1m[33m [entry][39m[22m[1m[32m [rendered][39m[22m
[0]    [82] [1m(webpack)/hot nonrecursive ^\.\/log$[39m[22m 160 bytes {[1m[33m0[39m[22m}[1m[32m [built][39m[22m
[0]    [85] [1m./app/api.url.js[39m[22m 176 bytes {[1m[33m0[39m[22m}[1m[32m [built][39m[22m
[0]      + 84 hidden modules
[0] webpack: Compiled successfully.
[1] [0mGET /services/ [32m200 [0m3.505 ms - -[0m
[1] [0mGET /companies/2 [32m200 [0m0.457 ms - 424[0m
[1] [0mGET /companies/2 [32m200 [0m0.458 ms - 424[0m
[1] [0mGET /companies/5 [32m200 [0m0.338 ms - 342[0m
[1] [0mGET /companies/1 [32m200 [0m0.459 ms - 706[0m
[1] [0mGET /companies/3 [32m200 [0m0.490 ms - 381[0m
[1] [0mGET /companies/1 [32m200 [0m0.303 ms - 706[0m
[1] [0mGET /companies/6 [32m200 [0m0.315 ms - 610[0m
[1] [0mGET /companies/8 [32m200 [0m0.661 ms - 638[0m
[1] [0mGET /companies/2 [32m200 [0m0.350 ms - 424[0m
[1] [0mGET /services/ [32m200 [0m2.727 ms - -[0m
[1] [0mGET /companies/2 [32m200 [0m0.594 ms - 424[0m
[1] [0mGET /companies/2 [32m200 [0m0.601 ms - 424[0m
[1] [0mGET /companies/5 [32m200 [0m0.625 ms - 342[0m
[1] [0mGET /companies/3 [32m200 [0m0.338 ms - 381[0m
[1] [0mGET /companies/2 [32m200 [0m0.299 ms - 424[0m
[1] [0mGET /companies/1 [32m200 [0m0.315 ms - 706[0m
[1] [0mGET /companies/1 [32m200 [0m0.305 ms - 706[0m
[1] [0mGET /companies/6 [32m200 [0m0.459 ms - 610[0m
[1] [0mGET /companies/8 [32m200 [0m0.462 ms - 638[0m
[0] webpack: Compiling...
[0] Hash: [1m08485f76e4ce8bae7ffa[39m[22m
[0] Version: webpack [1m2.7.0[39m[22m
[0] Time: [1m123[39m[22mms
[0]                                [1mAsset[39m[22m      [1mSize[39m[22m  [1mChunks[39m[22m  [1m[39m[22m           [1m[39m[22m       [1mChunk Names[39m[22m
[0]                      [1m[33mindex-bundle.js[39m[22m   [1m[33m1.87 MB[39m[22m       [1m0[39m[22m  [1m[32m[emitted][39m[22m  [1m[33m[big][39m[22m  index
[0] [1m[32m0.be0d445a2809092ef201.hot-update.js[39m[22m   3.05 kB       [1m0[39m[22m  [1m[32m[emitted][39m[22m         index
[0] [1m[32mbe0d445a2809092ef201.hot-update.json[39m[22m  43 bytes        [1m[39m[22m  [1m[32m[emitted][39m[22m         
[0] chunk    {[1m[33m0[39m[22m} [1m[32mindex-bundle.js, 0.be0d445a2809092ef201.hot-update.js[39m[22m (index) 1.72 MB[1m[33m [entry][39m[22m[1m[32m [rendered][39m[22m
[0]    [20] [1m./app/Admin/Auth/AdminRegister/AdminRegister.component.js[39m[22m 1.39 kB {[1m[33m0[39m[22m}[1m[32m [built][39m[22m
[0]    [82] [1m(webpack)/hot nonrecursive ^\.\/log$[39m[22m 160 bytes {[1m[33m0[39m[22m}[1m[32m [built][39m[22m
[0]      + 84 hidden modules
[0] webpack: Compiled successfully.
[0] webpack: Compiling...
[0] Hash: [1ma8b0ea65a672bdb68c31[39m[22m
[0] Version: webpack [1m2.7.0[39m[22m
[0] Time: [1m74[39m[22mms
[0]                                [1mAsset[39m[22m      [1mSize[39m[22m  [1mChunks[39m[22m  [1m[39m[22m           [1m[39m[22m       [1mChunk Names[39m[22m
[0]                      [1m[33mindex-bundle.js[39m[22m   [1m[33m1.86 MB[39m[22m       [1m0[39m[22m  [1m[32m[emitted][39m[22m  [1m[33m[big][39m[22m  index
[0] [1m[32m0.08485f76e4ce8bae7ffa.hot-update.js[39m[22m   4.49 kB       [1m0[39m[22m  [1m[32m[emitted][39m[22m         index
[0] [1m[32m08485f76e4ce8bae7ffa.hot-update.json[39m[22m  43 bytes        [1m[39m[22m  [1m[32m[emitted][39m[22m         
[0] chunk    {[1m[33m0[39m[22m} [1m[32mindex-bundle.js, 0.08485f76e4ce8bae7ffa.hot-update.js[39m[22m (index) 1.71 MB[1m[33m [entry][39m[22m[1m[32m [rendered][39m[22m
[0]    [20] [1m./app/Admin/Auth/AdminRegister/AdminRegister.component.js[39m[22m 266 bytes {[1m[33m0[39m[22m}[1m[32m [built][39m[22m[1m[31m [failed][39m[22m[1m[31m [1 error][39m[22m
[0]    [82] [1m(webpack)/hot nonrecursive ^\.\/log$[39m[22m 160 bytes {[1m[33m0[39m[22m}[1m[32m [built][39m[22m
[0]      + 81 hidden modules
[0] 
[0] [1m[31mERROR in ./app/Admin/Auth/AdminRegister/AdminRegister.component.js
[0] Module build failed: SyntaxError: Unexpected token (26:7)
[0] 
[0]   24 | 	}
[0]   25 | 
[0] > 26 | export const adminRegisterComponent = {
[0]      |        ^
[0]   27 | 	controller: AdminRegisterController,
[0]   28 | 	controllerAs: '$ctrl',
[0]   29 | 	template
[0] 
[0]  @ ./app/Admin/Main.module.js 7:0-86
[0]  @ ./app/App.js
[0]  @ multi (webpack)-dev-server/client?http://0.0.0.0:8080 ./app/App.js[39m[22m
[0] webpack: Failed to compile.
[0] webpack: Compiling...
[0] Hash: [1ma8b0ea65a672bdb68c31[39m[22m
[0] Version: webpack [1m2.7.0[39m[22m
[0] Time: [1m22[39m[22mms
[0] chunk    {[1m[33m0[39m[22m} [1m[32mindex-bundle.js[39m[22m (index) 1.71 MB[1m[33m [entry][39m[22m
[0]    [20] [1m./app/Admin/Auth/AdminRegister/AdminRegister.component.js[39m[22m 266 bytes {[1m[33m0[39m[22m}[1m[32m [built][39m[22m[1m[31m [failed][39m[22m[1m[31m [1 error][39m[22m
[0]    [82] [1m(webpack)/hot nonrecursive ^\.\/log$[39m[22m 160 bytes {[1m[33m0[39m[22m}[1m[32m [built][39m[22m
[0]      + 81 hidden modules
[0] 
[0] [1m[31mERROR in ./app/Admin/Auth/AdminRegister/AdminRegister.component.js
[0] Module build failed: SyntaxError: Unexpected token (26:7)
[0] 
[0]   24 | 	}
[0]   25 | 
[0] > 26 | export const adminRegisterComponent = {
[0]      |        ^
[0]   27 | 	controller: AdminRegisterController,
[0]   28 | 	controllerAs: '$ctrl',
[0]   29 | 	template
[0] 
[0]  @ ./app/Admin/Main.module.js 7:0-86
[0]  @ ./app/App.js
[0]  @ multi (webpack)-dev-server/client?http://0.0.0.0:8080 ./app/App.js[39m[22m
[0] webpack: Failed to compile.
[0] webpack: Compiling...
[0] Hash: [1m0a6d5fe5e1b3958e3476[39m[22m
[0] Version: webpack [1m2.7.0[39m[22m
[0] Time: [1m172[39m[22mms
[0]                                [1mAsset[39m[22m      [1mSize[39m[22m  [1mChunks[39m[22m  [1m[39m[22m           [1m[39m[22m       [1mChunk Names[39m[22m
[0]                      [1m[33mindex-bundle.js[39m[22m   [1m[33m1.86 MB[39m[22m       [1m0[39m[22m  [1m[32m[emitted][39m[22m  [1m[33m[big][39m[22m  index
[0] [1m[32m0.a8b0ea65a672bdb68c31.hot-update.js[39m[22m   9.94 kB       [1m0[39m[22m  [1m[32m[emitted][39m[22m         index
[0] [1m[32ma8b0ea65a672bdb68c31.hot-update.json[39m[22m  43 bytes        [1m[39m[22m  [1m[32m[emitted][39m[22m         
[0] chunk    {[1m[33m0[39m[22m} [1m[32mindex-bundle.js, 0.a8b0ea65a672bdb68c31.hot-update.js[39m[22m (index) 1.72 MB[1m[33m [entry][39m[22m[1m[32m [rendered][39m[22m
[0]    [20] [1m./app/Admin/Auth/AdminRegister/AdminRegister.component.js[39m[22m 619 bytes {[1m[33m0[39m[22m}[1m[32m [built][39m[22m
[0]    [82] [1m(webpack)/hot nonrecursive ^\.\/log$[39m[22m 160 bytes {[1m[33m0[39m[22m}[1m[32m [built][39m[22m
[0]      + 84 hidden modules
[0] webpack: Compiled successfully.
[0] webpack: Compiling...
[0] Hash: [1m8904d65ba0887360e3a3[39m[22m
[0] Version: webpack [1m2.7.0[39m[22m
[0] Time: [1m76[39m[22mms
[0]                                [1mAsset[39m[22m      [1mSize[39m[22m  [1mChunks[39m[22m  [1m[39m[22m           [1m[39m[22m       [1mChunk Names[39m[22m
[0]                      [1m[33mindex-bundle.js[39m[22m   [1m[33m1.86 MB[39m[22m       [1m0[39m[22m  [1m[32m[emitted][39m[22m  [1m[33m[big][39m[22m  index
[0] [1m[32m0.0a6d5fe5e1b3958e3476.hot-update.js[39m[22m   2.28 kB       [1m0[39m[22m  [1m[32m[emitted][39m[22m         index
[0] [1m[32m0a6d5fe5e1b3958e3476.hot-update.json[39m[22m  43 bytes        [1m[39m[22m  [1m[32m[emitted][39m[22m         
[0] chunk    {[1m[33m0[39m[22m} [1m[32mindex-bundle.js, 0.0a6d5fe5e1b3958e3476.hot-update.js[39m[22m (index) 1.72 MB[1m[33m [entry][39m[22m[1m[32m [rendered][39m[22m
[0]    [26] [1m./app/Admin/profile/profile.component.js[39m[22m 893 bytes {[1m[33m0[39m[22m}[1m[32m [built][39m[22m
[0]    [82] [1m(webpack)/hot nonrecursive ^\.\/log$[39m[22m 160 bytes {[1m[33m0[39m[22m}[1m[32m [built][39m[22m
[0]      + 84 hidden modules
[0] webpack: Compiled successfully.
[1] [0mGET /services/ [32m200 [0m2.559 ms - -[0m
[1] [0mGET /companies/2 [32m200 [0m0.469 ms - 424[0m
[1] [0mGET /companies/2 [32m200 [0m0.472 ms - 424[0m
[1] [0mGET /companies/5 [32m200 [0m3.111 ms - 342[0m
[1] [0mGET /companies/3 [32m200 [0m0.835 ms - 381[0m
[1] [0mGET /companies/1 [32m200 [0m0.841 ms - 706[0m
[1] [0mGET /companies/1 [32m200 [0m0.281 ms - 706[0m
[1] [0mGET /companies/2 [32m200 [0m0.298 ms - 424[0m
[1] [0mGET /companies/6 [32m200 [0m0.287 ms - 610[0m
[1] [0mGET /companies/8 [32m200 [0m0.306 ms - 638[0m
[1] [0mGET /services/ [32m200 [0m1.803 ms - -[0m
[1] [0mGET /companies/2 [32m200 [0m0.315 ms - 424[0m
[1] [0mGET /companies/2 [32m200 [0m0.298 ms - 424[0m
[1] [0mGET /companies/5 [32m200 [0m0.331 ms - 342[0m
[1] [0mGET /companies/3 [32m200 [0m0.322 ms - 381[0m
[1] [0mGET /companies/1 [32m200 [0m0.627 ms - 706[0m
[1] [0mGET /companies/2 [32m200 [0m0.306 ms - 424[0m
[1] [0mGET /companies/1 [32m200 [0m0.643 ms - 706[0m
[1] [0mGET /companies/6 [32m200 [0m1.340 ms - 610[0m
[1] [0mGET /companies/8 [32m200 [0m0.306 ms - 638[0m
[0] webpack: Compiling...
[0] Hash: [1mfe374a9ca156ebca0f7c[39m[22m
[0] Version: webpack [1m2.7.0[39m[22m
[0] Time: [1m175[39m[22mms
[0]                                [1mAsset[39m[22m      [1mSize[39m[22m  [1mChunks[39m[22m  [1m[39m[22m           [1m[39m[22m       [1mChunk Names[39m[22m
[0]                      [1m[33mindex-bundle.js[39m[22m   [1m[33m1.87 MB[39m[22m       [1m0[39m[22m  [1m[32m[emitted][39m[22m  [1m[33m[big][39m[22m  index
[0] [1m[32m0.8904d65ba0887360e3a3.hot-update.js[39m[22m    2.5 kB       [1m0[39m[22m  [1m[32m[emitted][39m[22m         index
[0] [1m[32m8904d65ba0887360e3a3.hot-update.json[39m[22m  43 bytes        [1m[39m[22m  [1m[32m[emitted][39m[22m         
[0] chunk    {[1m[33m0[39m[22m} [1m[32mindex-bundle.js, 0.8904d65ba0887360e3a3.hot-update.js[39m[22m (index) 1.72 MB[1m[33m [entry][39m[22m[1m[32m [rendered][39m[22m
[0]    [26] [1m./app/Admin/profile/profile.component.js[39m[22m 1.21 kB {[1m[33m0[39m[22m}[1m[32m [built][39m[22m
[0]    [82] [1m(webpack)/hot nonrecursive ^\.\/log$[39m[22m 160 bytes {[1m[33m0[39m[22m}[1m[32m [built][39m[22m
[0]      + 84 hidden modules
[0] webpack: Compiled successfully.
[1] [0mGET /services/ [32m200 [0m1.428 ms - -[0m
[1] [0mGET /companies/2 [32m200 [0m0.538 ms - 424[0m
[1] [0mGET /companies/2 [32m200 [0m0.909 ms - 424[0m
[1] [0mGET /companies/1 [32m200 [0m0.799 ms - 706[0m
[1] [0mGET /companies/3 [32m200 [0m1.442 ms - 381[0m
[1] [0mGET /companies/2 [32m200 [0m1.041 ms - 424[0m
[1] [0mGET /companies/5 [32m200 [0m1.455 ms - 342[0m
[1] [0mGET /companies/1 [32m200 [0m2.015 ms - 706[0m
[1] [0mGET /companies/6 [32m200 [0m0.294 ms - 610[0m
[1] [0mGET /companies/8 [32m200 [0m0.295 ms - 638[0m
[0] webpack: Compiling...
[0] Hash: [1m1c0376478fe65e868027[39m[22m
[0] Version: webpack [1m2.7.0[39m[22m
[0] Time: [1m88[39m[22mms
[0]                                [1mAsset[39m[22m      [1mSize[39m[22m  [1mChunks[39m[22m  [1m[39m[22m           [1m[39m[22m       [1mChunk Names[39m[22m
[0]                      [1m[33mindex-bundle.js[39m[22m   [1m[33m1.86 MB[39m[22m       [1m0[39m[22m  [1m[32m[emitted][39m[22m  [1m[33m[big][39m[22m  index
[0] [1m[32m0.fe374a9ca156ebca0f7c.hot-update.js[39m[22m   2.27 kB       [1m0[39m[22m  [1m[32m[emitted][39m[22m         index
[0] [1m[32mfe374a9ca156ebca0f7c.hot-update.json[39m[22m  43 bytes        [1m[39m[22m  [1m[32m[emitted][39m[22m         
[0] chunk    {[1m[33m0[39m[22m} [1m[32mindex-bundle.js, 0.fe374a9ca156ebca0f7c.hot-update.js[39m[22m (index) 1.72 MB[1m[33m [entry][39m[22m[1m[32m [rendered][39m[22m
[0]    [26] [1m./app/Admin/profile/profile.component.js[39m[22m 992 bytes {[1m[33m0[39m[22m}[1m[32m [built][39m[22m
[0]    [82] [1m(webpack)/hot nonrecursive ^\.\/log$[39m[22m 160 bytes {[1m[33m0[39m[22m}[1m[32m [built][39m[22m
[0]      + 84 hidden modules
[0] webpack: Compiled successfully.
webpack: Compiling...
[0] [0] Hash: [1m7bf0fc3a4ae5e4715fba[39m[22m
[0] Version: webpack [1m2.7.0[39m[22m
[0] Time: [1m131[39m[22mms
[0]                                [1mAsset[39m[22m      [1mSize[39m[22m  [1mChunks[39m[22m  [1m[39m[22m           [1m[39m[22m       [1mChunk Names[39m[22m
[0]                      [1m[33mindex-bundle.js[39m[22m   [1m[33m1.86 MB[39m[22m       [1m0[39m[22m  [1m[32m[emitted][39m[22m  [1m[33m[big][39m[22m  index
[0] [1m[32m0.1c0376478fe65e868027.hot-update.js[39m[22m   4.89 kB       [1m0[39m[22m  [1m[32m[emitted][39m[22m         index
[0] [1m[32m1c0376478fe65e868027.hot-update.json[39m[22m  43 bytes        [1m[39m[22m  [1m[32m[emitted][39m[22m         
[0] chunk    {[1m[33m0[39m[22m} [1m[32mindex-bundle.js, 0.1c0376478fe65e868027.hot-update.js[39m[22m (index) 1.72 MB[1m[33m [entry][39m[22m[1m[32m [rendered][39m[22m
[0]    [25] [1m./app/Admin/profile/experimental.component.js[39m[22m 3.34 kB {[1m[33m0[39m[22m}[1m[32m [built][39m[22m
[0]    [82] [1m(webpack)/hot nonrecursive ^\.\/log$[39m[22m 160 bytes {[1m[33m0[39m[22m}[1m[32m [built][39m[22m
[0]      + 84 hidden modules
[0] webpack: Compiled successfully.
[0] webpack: Compiling...
[0] webpack: Compiled successfully.
[0] Hash: [1m2569e4c059628b821717[39m[22m
[0] Version: webpack [1m2.7.0[39m[22m
[0] Time: [1m123[39m[22mms
[0]                                [1mAsset[39m[22m      [1mSize[39m[22m  [1mChunks[39m[22m  [1m[39m[22m           [1m[39m[22m       [1mChunk Names[39m[22m
[0]                      [1m[33mindex-bundle.js[39m[22m   [1m[33m1.87 MB[39m[22m       [1m0[39m[22m  [1m[32m[emitted][39m[22m  [1m[33m[big][39m[22m  index
[0] [1m[32m0.7bf0fc3a4ae5e4715fba.hot-update.js[39m[22m   2.58 kB       [1m0[39m[22m  [1m[32m[emitted][39m[22m         index
[0] [1m[32m7bf0fc3a4ae5e4715fba.hot-update.json[39m[22m  43 bytes        [1m[39m[22m  [1m[32m[emitted][39m[22m         
[0] chunk    {[1m[33m0[39m[22m} [1m[32mindex-bundle.js, 0.7bf0fc3a4ae5e4715fba.hot-update.js[39m[22m (index) 1.72 MB[1m[33m [entry][39m[22m[1m[32m [rendered][39m[22m
[0]    [26] [1m./app/Admin/profile/profile.component.js[39m[22m 1.17 kB {[1m[33m0[39m[22m}[1m[32m [built][39m[22m
[0]    [82] [1m(webpack)/hot nonrecursive ^\.\/log$[39m[22m 160 bytes {[1m[33m0[39m[22m}[1m[32m [built][39m[22m
[0]      + 84 hidden modules
[0] webpack: Compiling...
[0] Hash: [1mbc2a15eff66038f9d9be[39m[22m
[0] Version: webpack [1m2.7.0[39m[22m
[0] Time: [1m69[39m[22mms
[0]                                [1mAsset[39m[22m      [1mSize[39m[22m  [1mChunks[39m[22m  [1m[39m[22m           [1m[39m[22m       [1mChunk Names[39m[22m
[0]                      [1m[33mindex-bundle.js[39m[22m   [1m[33m1.87 MB[39m[22m       [1m0[39m[22m  [1m[32m[emitted][39m[22m  [1m[33m[big][39m[22m  index
[0] [1m[32m0.2569e4c059628b821717.hot-update.js[39m[22m   2.55 kB       [1m0[39m[22m  [1m[32m[emitted][39m[22m         index
[0] [1m[32m2569e4c059628b821717.hot-update.json[39m[22m  43 bytes        [1m[39m[22m  [1m[32m[emitted][39m[22m         
[0] chunk    {[1m[33m0[39m[22m} [1m[32mindex-bundle.js, 0.2569e4c059628b821717.hot-update.js[39m[22m (index) 1.72 MB[1m[33m [entry][39m[22m[1m[32m [rendered][39m[22m
[0]    [26] [1m./app/Admin/profile/profile.component.js[39m[22m 1.14 kB {[1m[33m0[39m[22m}[1m[32m [built][39m[22m
[0]    [82] [1m(webpack)/hot nonrecursive ^\.\/log$[39m[22m 160 bytes {[1m[33m0[39m[22m}[1m[32m [built][39m[22m
[0]      + 84 hidden modules
[0] webpack: Compiled successfully.
[0] webpack: Compiling...
[0] Hash: [1md5627d55c9eb2b6f1193[39m[22m
[0] Version: webpack [1m2.7.0[39m[22m
[0] Time: [1m79[39m[22mms
[0]                                [1mAsset[39m[22m      [1mSize[39m[22m  [1mChunks[39m[22m  [1m[39m[22m           [1m[39m[22m       [1mChunk Names[39m[22m
[0]                      [1m[33mindex-bundle.js[39m[22m   [1m[33m1.87 MB[39m[22m       [1m0[39m[22m  [1m[32m[emitted][39m[22m  [1m[33m[big][39m[22m  index
[0] [1m[32m0.bc2a15eff66038f9d9be.hot-update.js[39m[22m   2.51 kB       [1m0[39m[22m  [1m[32m[emitted][39m[22m         index
[0] [1m[32mbc2a15eff66038f9d9be.hot-update.json[39m[22m  43 bytes        [1m[39m[22m  [1m[32m[emitted][39m[22m         
[0] chunk    {[1m[33m0[39m[22m} [1m[32mindex-bundle.js, 0.bc2a15eff66038f9d9be.hot-update.js[39m[22m (index) 1.72 MB[1m[33m [entry][39m[22m[1m[32m [rendered][39m[22m
[0]    [26] [1m./app/Admin/profile/profile.component.js[39m[22m 1.11 kB {[1m[33m0[39m[22m}[1m[32m [built][39m[22m
[0]    [82] [1m(webpack)/hot nonrecursive ^\.\/log$[39m[22m 160 bytes {[1m[33m0[39m[22m}[1m[32m [built][39m[22m
[0]      + 84 hidden modules
[0] webpack: Compiled successfully.
[0] webpack: Compiling...
[0] Hash: [1m1879a64c8f4b26948ea6[39m[22m
[0] Version: webpack [1m2.7.0[39m[22m
[0] Time: [1m77[39m[22mms
[0]                                [1mAsset[39m[22m      [1mSize[39m[22m  [1mChunks[39m[22m  [1m[39m[22m           [1m[39m[22m       [1mChunk Names[39m[22m
[0]                      [1m[33mindex-bundle.js[39m[22m   [1m[33m1.87 MB[39m[22m       [1m0[39m[22m  [1m[32m[emitted][39m[22m  [1m[33m[big][39m[22m  index
[0] [1m[32m0.d5627d55c9eb2b6f1193.hot-update.js[39m[22m   1.74 kB       [1m0[39m[22m  [1m[32m[emitted][39m[22m         index
[0] [1m[32md5627d55c9eb2b6f1193.hot-update.json[39m[22m  43 bytes        [1m[39m[22m  [1m[32m[emitted][39m[22m         
[0] chunk    {[1m[33m0[39m[22m} [1m[32mindex-bundle.js, 0.d5627d55c9eb2b6f1193.hot-update.js[39m[22m (index) 1.72 MB[1m[33m [entry][39m[22m[1m[32m [rendered][39m[22m
[0]    [23] [1m./app/Admin/Navbar/Navbar.component.js[39m[22m 507 bytes {[1m[33m0[39m[22m}[1m[32m [built][39m[22m
[0]    [82] [1m(webpack)/hot nonrecursive ^\.\/log$[39m[22m 160 bytes {[1m[33m0[39m[22m}[1m[32m [built][39m[22m
[0]      + 84 hidden modules
[0] webpack: Compiled successfully.
webpack: Compiling...
[0] [0] Hash: [1m81d4e70bfd72a96dd8c6[39m[22m
[0] Version: webpack [1m2.7.0[39m[22m
[0] Time: [1m95[39m[22mms
[0]                                [1mAsset[39m[22m      [1mSize[39m[22m  [1mChunks[39m[22m  [1m[39m[22m           [1m[39m[22m       [1mChunk Names[39m[22m
[0]                      [1m[33mindex-bundle.js[39m[22m   [1m[33m1.87 MB[39m[22m       [1m0[39m[22m  [1m[32m[emitted][39m[22m  [1m[33m[big][39m[22m  index
[0] [1m[32m0.1879a64c8f4b26948ea6.hot-update.js[39m[22m   1.82 kB       [1m0[39m[22m  [1m[32m[emitted][39m[22m         index
[0] [1m[32m1879a64c8f4b26948ea6.hot-update.json[39m[22m  43 bytes        [1m[39m[22m  [1m[32m[emitted][39m[22m         
[0] chunk    {[1m[33m0[39m[22m} [1m[32mindex-bundle.js, 0.1879a64c8f4b26948ea6.hot-update.js[39m[22m (index) 1.72 MB[1m[33m [entry][39m[22m[1m[32m [rendered][39m[22m
[0]    [23] [1m./app/Admin/Navbar/Navbar.component.js[39m[22m 589 bytes {[1m[33m0[39m[22m}[1m[32m [built][39m[22m
[0]    [82] [1m(webpack)/hot nonrecursive ^\.\/log$[39m[22m 160 bytes {[1m[33m0[39m[22m}[1m[32m [built][39m[22m
[0]      + 84 hidden modules
[0] webpack: Compiled successfully.
[0] webpack: Compiling...
[0] Hash: [1m45054d7aa6292c4c1eae[39m[22m
[0] Version: webpack [1m2.7.0[39m[22m
[0] Time: [1m59[39m[22mms
[0]                                [1mAsset[39m[22m      [1mSize[39m[22m  [1mChunks[39m[22m  [1m[39m[22m           [1m[39m[22m       [1mChunk Names[39m[22m
[0]                      [1m[33mindex-bundle.js[39m[22m   [1m[33m1.86 MB[39m[22m       [1m0[39m[22m  [1m[32m[emitted][39m[22m  [1m[33m[big][39m[22m  index
[0] [1m[32m0.81d4e70bfd72a96dd8c6.hot-update.js[39m[22m   4.45 kB       [1m0[39m[22m  [1m[32m[emitted][39m[22m         index
[0] [1m[32m81d4e70bfd72a96dd8c6.hot-update.json[39m[22m  43 bytes        [1m[39m[22m  [1m[32m[emitted][39m[22m         
[0] chunk    {[1m[33m0[39m[22m} [1m[32mindex-bundle.js, 0.81d4e70bfd72a96dd8c6.hot-update.js[39m[22m (index) 1.71 MB[1m[33m [entry][39m[22m[1m[32m [rendered][39m[22m
[0]    [23] [1m./app/Admin/Navbar/Navbar.component.js[39m[22m 338 bytes {[1m[33m0[39m[22m}[1m[32m [built][39m[22m[1m[31m [failed][39m[22m[1m[31m [1 error][39m[22m
[0]    [82] [1m(webpack)/hot nonrecursive ^\.\/log$[39m[22m 160 bytes {[1m[33m0[39m[22m}[1m[32m [built][39m[22m
[0]      + 81 hidden modules
[0] 
[0] [1m[31mERROR in ./app/Admin/Navbar/Navbar.component.js
[0] Module build failed: SyntaxError: Unexpected token (17:2)
[0] 
[0]   15 | 			token
[0]   16 | 		}),
[0] > 17 | 		if (localStorage.getItem('UID')) {
[0]      | 		^
[0]   18 | 			this.greeting = "Welcome " + JSON.parse(localStorage.getItem('userInfo')).name;
[0]   19 | 		} else {
[0]   20 | 			this.greeting = "Welcome!"
[0] 
[0]  @ ./app/Admin/Main.module.js 4:0-60
[0]  @ ./app/App.js
[0]  @ multi (webpack)-dev-server/client?http://0.0.0.0:8080 ./app/App.js[39m[22m
[0] webpack: Failed to compile.
[0] webpack: Compiling...
[0] Hash: [1m2af6b317405ecdd69996[39m[22m
[0] Version: webpack [1m2.7.0[39m[22m
[0] Time: [1m68[39m[22mms
[0]                                [1mAsset[39m[22m      [1mSize[39m[22m  [1mChunks[39m[22m  [1m[39m[22m           [1m[39m[22m       [1mChunk Names[39m[22m
[0]                      [1m[33mindex-bundle.js[39m[22m   [1m[33m1.87 MB[39m[22m       [1m0[39m[22m  [1m[32m[emitted][39m[22m  [1m[33m[big][39m[22m  index
[0] [1m[32m0.45054d7aa6292c4c1eae.hot-update.js[39m[22m   9.08 kB       [1m0[39m[22m  [1m[32m[emitted][39m[22m         index
[0] [1m[32m45054d7aa6292c4c1eae.hot-update.json[39m[22m  43 bytes        [1m[39m[22m  [1m[32m[emitted][39m[22m         
[0] chunk    {[1m[33m0[39m[22m} [1m[32mindex-bundle.js, 0.45054d7aa6292c4c1eae.hot-update.js[39m[22m (index) 1.72 MB[1m[33m [entry][39m[22m[1m[32m [rendered][39m[22m
[0]    [23] [1m./app/Admin/Navbar/Navbar.component.js[39m[22m 650 bytes {[1m[33m0[39m[22m}[1m[32m [built][39m[22m
[0]    [82] [1m(webpack)/hot nonrecursive ^\.\/log$[39m[22m 160 bytes {[1m[33m0[39m[22m}[1m[32m [built][39m[22m
[0]      + 84 hidden modules
[0] webpack: Compiled successfully.
[0] webpack: Compiling...
[0] Hash: [1m7a46b6823b1bdf80df3d[39m[22m
[0] Version: webpack [1m2.7.0[39m[22m
[0] Time: [1m114[39m[22mms
[0]                                [1mAsset[39m[22m      [1mSize[39m[22m  [1mChunks[39m[22m  [1m[39m[22m           [1m[39m[22m       [1mChunk Names[39m[22m
[0]                      [1m[33mindex-bundle.js[39m[22m   [1m[33m1.87 MB[39m[22m       [1m0[39m[22m  [1m[32m[emitted][39m[22m  [1m[33m[big][39m[22m  index
[0] [1m[32m0.2af6b317405ecdd69996.hot-update.js[39m[22m    1.9 kB       [1m0[39m[22m  [1m[32m[emitted][39m[22m         index
[0] [1m[32m2af6b317405ecdd69996.hot-update.json[39m[22m  43 bytes        [1m[39m[22m  [1m[32m[emitted][39m[22m         
[0] chunk    {[1m[33m0[39m[22m} [1m[32mindex-bundle.js, 0.2af6b317405ecdd69996.hot-update.js[39m[22m (index) 1.72 MB[1m[33m [entry][39m[22m[1m[32m [rendered][39m[22m
[0]    [23] [1m./app/Admin/Navbar/Navbar.component.js[39m[22m 651 bytes {[1m[33m0[39m[22m}[1m[32m [built][39m[22m
[0]    [82] [1m(webpack)/hot nonrecursive ^\.\/log$[39m[22m 160 bytes {[1m[33m0[39m[22m}[1m[32m [built][39m[22m
[0]      + 84 hidden modules
[0] webpack: Compiled successfully.
[0] webpack: Compiling...
[0] Hash: [1m14abd73c0eb4d4d535ce[39m[22m
[0] Version: webpack [1m2.7.0[39m[22m
[0] Time: [1m100[39m[22mms
[0]                                [1mAsset[39m[22m      [1mSize[39m[22m  [1mChunks[39m[22m  [1m[39m[22m           [1m[39m[22m       [1mChunk Names[39m[22m
[0]                      [1m[33mindex-bundle.js[39m[22m   [1m[33m1.87 MB[39m[22m       [1m0[39m[22m  [1m[32m[emitted][39m[22m  [1m[33m[big][39m[22m  index
[0] [1m[32m0.7a46b6823b1bdf80df3d.hot-update.js[39m[22m    1.9 kB       [1m0[39m[22m  [1m[32m[emitted][39m[22m         index
[0] [1m[32m7a46b6823b1bdf80df3d.hot-update.json[39m[22m  43 bytes        [1m[39m[22m  [1m[32m[emitted][39m[22m         
[0] chunk    {[1m[33m0[39m[22m} [1m[32mindex-bundle.js, 0.7a46b6823b1bdf80df3d.hot-update.js[39m[22m (index) 1.72 MB[1m[33m [entry][39m[22m[1m[32m [rendered][39m[22m
[0]    [23] [1m./app/Admin/Navbar/Navbar.component.js[39m[22m 649 bytes {[1m[33m0[39m[22m}[1m[32m [built][39m[22m
[0]    [82] [1m(webpack)/hot nonrecursive ^\.\/log$[39m[22m 160 bytes {[1m[33m0[39m[22m}[1m[32m [built][39m[22m
[0]      + 84 hidden modules
[0] webpack: Compiled successfully.
[0] webpack: Compiling...
[0] Hash: [1m4c5fb2e4f1c1039ccb72[39m[22m
[0] Version: webpack [1m2.7.0[39m[22m
[0] Time: [1m141[39m[22mms
[0]                                [1mAsset[39m[22m      [1mSize[39m[22m  [1mChunks[39m[22m  [1m[39m[22m           [1m[39m[22m       [1mChunk Names[39m[22m
[0]                      [1m[33mindex-bundle.js[39m[22m   [1m[33m1.87 MB[39m[22m       [1m0[39m[22m  [1m[32m[emitted][39m[22m  [1m[33m[big][39m[22m  index
[0] [1m[32m0.14abd73c0eb4d4d535ce.hot-update.js[39m[22m   1.93 kB       [1m0[39m[22m  [1m[32m[emitted][39m[22m         index
[0] [1m[32m14abd73c0eb4d4d535ce.hot-update.json[39m[22m  43 bytes        [1m[39m[22m  [1m[32m[emitted][39m[22m         
[0] chunk    {[1m[33m0[39m[22m} [1m[32mindex-bundle.js, 0.14abd73c0eb4d4d535ce.hot-update.js[39m[22m (index) 1.72 MB[1m[33m [entry][39m[22m[1m[32m [rendered][39m[22m
[0]    [23] [1m./app/Admin/Navbar/Navbar.component.js[39m[22m 679 bytes {[1m[33m0[39m[22m}[1m[32m [built][39m[22m
[0]    [82] [1m(webpack)/hot nonrecursive ^\.\/log$[39m[22m 160 bytes {[1m[33m0[39m[22m}[1m[32m [built][39m[22m
[0]      + 84 hidden modules
[0] webpack: Compiled successfully.
[0] webpack: Compiling...
[0] Hash: [1maf7a17f2aba7a9df0a67[39m[22m
[0] Version: webpack [1m2.7.0[39m[22m
[0] Time: [1m200[39m[22mms
[0]                                [1mAsset[39m[22m      [1mSize[39m[22m  [1mChunks[39m[22m  [1m[39m[22m           [1m[39m[22m       [1mChunk Names[39m[22m
[0]                      [1m[33mindex-bundle.js[39m[22m   [1m[33m1.87 MB[39m[22m       [1m0[39m[22m  [1m[32m[emitted][39m[22m  [1m[33m[big][39m[22m  index
[0] [1m[32m0.4c5fb2e4f1c1039ccb72.hot-update.js[39m[22m   1.93 kB       [1m0[39m[22m  [1m[32m[emitted][39m[22m         index
[0] [1m[32m4c5fb2e4f1c1039ccb72.hot-update.json[39m[22m  43 bytes        [1m[39m[22m  [1m[32m[emitted][39m[22m         
[0] chunk    {[1m[33m0[39m[22m} [1m[32mindex-bundle.js, 0.4c5fb2e4f1c1039ccb72.hot-update.js[39m[22m (index) 1.72 MB[1m[33m [entry][39m[22m[1m[32m [rendered][39m[22m
[0]    [23] [1m./app/Admin/Navbar/Navbar.component.js[39m[22m 680 bytes {[1m[33m0[39m[22m}[1m[32m [built][39m[22m
[0]    [82] [1m(webpack)/hot nonrecursive ^\.\/log$[39m[22m 160 bytes {[1m[33m0[39m[22m}[1m[32m [built][39m[22m
[0]      + 84 hidden modules
[0] webpack: Compiled successfully.
webpack: Compiling...
[0] [0] Hash: [1m3757b9680be576029a64[39m[22m
[0] Version: webpack [1m2.7.0[39m[22m
[0] Time: [1m107[39m[22mms
[0]                                [1mAsset[39m[22m      [1mSize[39m[22m  [1mChunks[39m[22m  [1m[39m[22m           [1m[39m[22m       [1mChunk Names[39m[22m
[0]                      [1m[33mindex-bundle.js[39m[22m   [1m[33m1.86 MB[39m[22m       [1m0[39m[22m  [1m[32m[emitted][39m[22m  [1m[33m[big][39m[22m  index
[0] [1m[32m0.af7a17f2aba7a9df0a67.hot-update.js[39m[22m   1.48 kB       [1m0[39m[22m  [1m[32m[emitted][39m[22m         index
[0] [1m[32maf7a17f2aba7a9df0a67.hot-update.json[39m[22m  43 bytes        [1m[39m[22m  [1m[32m[emitted][39m[22m         
[0] chunk    {[1m[33m0[39m[22m} [1m[32mindex-bundle.js, 0.af7a17f2aba7a9df0a67.hot-update.js[39m[22m (index) 1.72 MB[1m[33m [entry][39m[22m[1m[32m [rendered][39m[22m
[0]    [23] [1m./app/Admin/Navbar/Navbar.component.js[39m[22m 286 bytes {[1m[33m0[39m[22m}[1m[32m [built][39m[22m
[0]    [82] [1m(webpack)/hot nonrecursive ^\.\/log$[39m[22m 160 bytes {[1m[33m0[39m[22m}[1m[32m [built][39m[22m
[0]      + 84 hidden modules
[0] webpack: Compiled successfully.
[1] [0mGET /services/ [32m200 [0m2.045 ms - -[0m
[1] [0mGET /companies/2 [32m200 [0m1.530 ms - 424[0m
[1] [0mGET /companies/2 [32m200 [0m1.557 ms - 424[0m
[1] [0mGET /companies/5 [32m200 [0m1.575 ms - 342[0m
[1] [0mGET /companies/1 [32m200 [0m1.976 ms - 706[0m
[1] [0mGET /companies/3 [32m200 [0m0.536 ms - 381[0m
[1] [0mGET /companies/8 [32m200 [0m0.561 ms - 638[0m
[1] [0mGET /companies/1 [32m200 [0m2.003 ms - 706[0m
[1] [0mGET /companies/2 [32m200 [0m0.539 ms - 424[0m
[1] [0mGET /companies/6 [32m200 [0m0.538 ms - 610[0m
[0] webpack: Compiling...
Hash: [1mbd45128e693ff63b8595[39m[22m
[0] Version: webpack [1m2.7.0[39m[22m
[0] Time: [1m83[39m[22mms
[0]                                [1mAsset[39m[22m      [1mSize[39m[22m  [1mChunks[39m[22m  [1m[39m[22m           [1m[39m[22m       [1mChunk Names[39m[22m
[0]                      [1m[33mindex-bundle.js[39m[22m   [1m[33m1.86 MB[39m[22m       [1m0[39m[22m  [1m[32m[emitted][39m[22m  [1m[33m[big][39m[22m  index
[0] [1m[32m0.3757b9680be576029a64.hot-update.js[39m[22m    4.2 kB       [1m0[39m[22m  [1m[32m[emitted][39m[22m         index
[0] [1m[32m3757b9680be576029a64.hot-update.json[39m[22m  43 bytes        [1m[39m[22m  [1m[32m[emitted][39m[22m         
[0] chunk    {[1m[33m0[39m[22m} [1m[32mindex-bundle.js, 0.3757b9680be576029a64.hot-update.js[39m[22m (index) 1.72 MB[1m[33m [entry][39m[22m[1m[32m [rendered][39m[22m
[0]    [24] [1m./app/Admin/Service/edit-service/edit-service.component.js[39m[22m 2.28 kB {[1m[33m0[39m[22m}[1m[32m [built][39m[22m
[0]    [82] [1m(webpack)/hot nonrecursive ^\.\/log$[39m[22m 160 bytes {[1m[33m0[39m[22m}[1m[32m [built][39m[22m
[0]      + 84 hidden modules
[0] webpack: Compiled successfully.
[0] [0] webpack: Compiling...
[0] Hash: [1md6047caaf3cfa241a34f[39m[22m
[0] Version: webpack [1m2.7.0[39m[22m
[0] Time: [1m209[39m[22mms
[0]                                [1mAsset[39m[22m      [1mSize[39m[22m  [1mChunks[39m[22m  [1m[39m[22m           [1m[39m[22m       [1mChunk Names[39m[22m
[0]                      [1m[33mindex-bundle.js[39m[22m   [1m[33m1.87 MB[39m[22m       [1m0[39m[22m  [1m[32m[emitted][39m[22m  [1m[33m[big][39m[22m  index
[0] [1m[32m0.bd45128e693ff63b8595.hot-update.js[39m[22m   7.83 kB       [1m0[39m[22m  [1m[32m[emitted][39m[22m         index
[0] [1m[32mbd45128e693ff63b8595.hot-update.json[39m[22m  43 bytes        [1m[39m[22m  [1m[32m[emitted][39m[22m         
[0] chunk    {[1m[33m0[39m[22m} [1m[32mindex-bundle.js, 0.bd45128e693ff63b8595.hot-update.js[39m[22m (index) 1.72 MB[1m[33m [entry][39m[22m[1m[32m [rendered][39m[22m
[0]    [22] [1m./app/Admin/Main.module.js[39m[22m 1.35 kB {[1m[33m0[39m[22m}[1m[32m [built][39m[22m
[0]    [82] [1m(webpack)/hot nonrecursive ^\.\/log$[39m[22m 160 bytes {[1m[33m0[39m[22m}[1m[32m [built][39m[22m
[0]    [86] [1m./app/Admin/Service/edit-service/create-service.component.js[39m[22m 2.28 kB {[1m[33m0[39m[22m}[1m[32m [built][39m[22m
[0]      + 84 hidden modules
[0] 
[0] [1m[33mWARNING in ./app/Admin/Main.module.js
[0] 20:419-441 "export 'createServiceComponent' was not found in './Service/edit-service/create-service.component'[39m[22m
[0] webpack: Compiled with warnings.
[0] webpack: Compiling...
[0] Hash: [1m0fc975c48b12ce326671[39m[22m
[0] Version: webpack [1m2.7.0[39m[22m
[0] Time: [1m222[39m[22mms
[0]                                [1mAsset[39m[22m      [1mSize[39m[22m  [1mChunks[39m[22m  [1m[39m[22m           [1m[39m[22m       [1mChunk Names[39m[22m
[0]                      [1m[33mindex-bundle.js[39m[22m   [1m[33m1.87 MB[39m[22m       [1m0[39m[22m  [1m[32m[emitted][39m[22m  [1m[33m[big][39m[22m  index
[0] [1m[32m0.d6047caaf3cfa241a34f.hot-update.js[39m[22m   7.88 kB       [1m0[39m[22m  [1m[32m[emitted][39m[22m         index
[0] [1m[32md6047caaf3cfa241a34f.hot-update.json[39m[22m  43 bytes        [1m[39m[22m  [1m[32m[emitted][39m[22m         
[0] chunk    {[1m[33m0[39m[22m} [1m[32mindex-bundle.js, 0.d6047caaf3cfa241a34f.hot-update.js[39m[22m (index) 1.72 MB[1m[33m [entry][39m[22m[1m[32m [rendered][39m[22m
[0]    [82] [1m(webpack)/hot nonrecursive ^\.\/log$[39m[22m 160 bytes {[1m[33m0[39m[22m}[1m[32m [built][39m[22m
[0]    [86] [1m./app/Admin/Service/edit-service/create-service.component.js[39m[22m 2.29 kB {[1m[33m0[39m[22m}[1m[32m [built][39m[22m
[0]      + 85 hidden modules
[0] webpack: Compiled successfully.
[1] [0mGET /services/ [32m200 [0m1.260 ms - -[0m
[1] [0mGET /companies/2 [32m200 [0m0.457 ms - 424[0m
[1] [0mGET /companies/2 [32m200 [0m0.469 ms - 424[0m
[1] [0mGET /companies/5 [32m200 [0m0.931 ms - 342[0m
[1] [0mGET /companies/2 [32m200 [0m0.468 ms - 424[0m
[1] [0mGET /companies/3 [32m200 [0m0.932 ms - 381[0m
[1] [0mGET /companies/6 [32m200 [0m0.442 ms - 610[0m
[1] [0mGET /companies/1 [32m200 [0m0.987 ms - 706[0m
[1] [0mGET /companies/1 [32m200 [0m0.957 ms - 706[0m
[1] [0mGET /companies/8 [32m200 [0m0.266 ms - 638[0m
[0] webpack: Compiling...
[0] Hash: [1m8a5fe66666ca93ad543e[39m[22m
[0] Version: webpack [1m2.7.0[39m[22m
[0] Time: [1m108[39m[22mms
[0]                                [1mAsset[39m[22m      [1mSize[39m[22m  [1mChunks[39m[22m  [1m[39m[22m           [1m[39m[22m       [1mChunk Names[39m[22m
[0]                      [1m[33mindex-bundle.js[39m[22m   [1m[33m1.87 MB[39m[22m       [1m0[39m[22m  [1m[32m[emitted][39m[22m  [1m[33m[big][39m[22m  index
[0] [1m[32m0.0fc975c48b12ce326671.hot-update.js[39m[22m    3.5 kB       [1m0[39m[22m  [1m[32m[emitted][39m[22m         index
[0] [1m[32m0fc975c48b12ce326671.hot-update.json[39m[22m  43 bytes        [1m[39m[22m  [1m[32m[emitted][39m[22m         
[0] chunk    {[1m[33m0[39m[22m} [1m[32mindex-bundle.js, 0.0fc975c48b12ce326671.hot-update.js[39m[22m (index) 1.72 MB[1m[33m [entry][39m[22m[1m[32m [rendered][39m[22m
[0]    [82] [1m(webpack)/hot nonrecursive ^\.\/log$[39m[22m 160 bytes {[1m[33m0[39m[22m}[1m[32m [built][39m[22m
[0]    [86] [1m./app/Admin/Service/edit-service/create-service.component.js[39m[22m 1.98 kB {[1m[33m0[39m[22m}[1m[32m [built][39m[22m
[0]      + 85 hidden modules
[0] webpack: Compiled successfully.
[0] webpack: Compiling...
[0] Hash: [1me2afe6e5284deef27063[39m[22m
[0] Version: webpack [1m2.7.0[39m[22m
[0] Time: [1m99[39m[22mms
[0]                                [1mAsset[39m[22m      [1mSize[39m[22m  [1mChunks[39m[22m  [1m[39m[22m           [1m[39m[22m       [1mChunk Names[39m[22m
[0]                      [1m[33mindex-bundle.js[39m[22m   [1m[33m1.87 MB[39m[22m       [1m0[39m[22m  [1m[32m[emitted][39m[22m  [1m[33m[big][39m[22m  index
[0] [1m[32m0.8a5fe66666ca93ad543e.hot-update.js[39m[22m   3.44 kB       [1m0[39m[22m  [1m[32m[emitted][39m[22m         index
[0] [1m[32m8a5fe66666ca93ad543e.hot-update.json[39m[22m  43 bytes        [1m[39m[22m  [1m[32m[emitted][39m[22m         
[0] chunk    {[1m[33m0[39m[22m} [1m[32mindex-bundle.js, 0.8a5fe66666ca93ad543e.hot-update.js[39m[22m (index) 1.72 MB[1m[33m [entry][39m[22m[1m[32m [rendered][39m[22m
[0]    [82] [1m(webpack)/hot nonrecursive ^\.\/log$[39m[22m 160 bytes {[1m[33m0[39m[22m}[1m[32m [built][39m[22m
[0]    [86] [1m./app/Admin/Service/edit-service/create-service.component.js[39m[22m 1.93 kB {[1m[33m0[39m[22m}[1m[32m [built][39m[22m
[0]      + 85 hidden modules
[0] webpack: Compiled successfully.
[0] webpack: Compiling...
[0] Hash: [1m233e9b0ae9672b8b5225[39m[22m
[0] Version: webpack [1m2.7.0[39m[22m
[0] Time: [1m85[39m[22mms
[0]                                [1mAsset[39m[22m      [1mSize[39m[22m  [1mChunks[39m[22m  [1m[39m[22m           [1m[39m[22m       [1mChunk Names[39m[22m
[0]                      [1m[33mindex-bundle.js[39m[22m   [1m[33m1.87 MB[39m[22m       [1m0[39m[22m  [1m[32m[emitted][39m[22m  [1m[33m[big][39m[22m  index
[0] [1m[32m0.e2afe6e5284deef27063.hot-update.js[39m[22m   3.44 kB       [1m0[39m[22m  [1m[32m[emitted][39m[22m         index
[0] [1m[32me2afe6e5284deef27063.hot-update.json[39m[22m  43 bytes        [1m[39m[22m  [1m[32m[emitted][39m[22m         
[0] chunk    {[1m[33m0[39m[22m} [1m[32mindex-bundle.js, 0.e2afe6e5284deef27063.hot-update.js[39m[22m (index) 1.72 MB[1m[33m [entry][39m[22m[1m[32m [rendered][39m[22m
[0]    [82] [1m(webpack)/hot nonrecursive ^\.\/log$[39m[22m 160 bytes {[1m[33m0[39m[22m}[1m[32m [built][39m[22m
[0]    [86] [1m./app/Admin/Service/edit-service/create-service.component.js[39m[22m 1.93 kB {[1m[33m0[39m[22m}[1m[32m [built][39m[22m
[0]      + 85 hidden modules
[0] webpack: Compiled successfully.
webpack: Compiling...
[0] [0] Hash: [1m2f73eaf2d089796bcf5a[39m[22m
[0] Version: webpack [1m2.7.0[39m[22m
[0] Time: [1m87[39m[22mms
[0]                                [1mAsset[39m[22m      [1mSize[39m[22m  [1mChunks[39m[22m  [1m[39m[22m           [1m[39m[22m       [1mChunk Names[39m[22m
[0]                      [1m[33mindex-bundle.js[39m[22m   [1m[33m1.87 MB[39m[22m       [1m0[39m[22m  [1m[32m[emitted][39m[22m  [1m[33m[big][39m[22m  index
[0] [1m[32m0.233e9b0ae9672b8b5225.hot-update.js[39m[22m   3.46 kB       [1m0[39m[22m  [1m[32m[emitted][39m[22m         index
[0] [1m[32m233e9b0ae9672b8b5225.hot-update.json[39m[22m  43 bytes        [1m[39m[22m  [1m[32m[emitted][39m[22m         
[0] chunk    {[1m[33m0[39m[22m} [1m[32mindex-bundle.js, 0.233e9b0ae9672b8b5225.hot-update.js[39m[22m (index) 1.72 MB[1m[33m [entry][39m[22m[1m[32m [rendered][39m[22m
[0]    [82] [1m(webpack)/hot nonrecursive ^\.\/log$[39m[22m 160 bytes {[1m[33m0[39m[22m}[1m[32m [built][39m[22m
[0]    [86] [1m./app/Admin/Service/edit-service/create-service.component.js[39m[22m 1.95 kB {[1m[33m0[39m[22m}[1m[32m [built][39m[22m
[0]      + 85 hidden modules
[0] webpack: Compiled successfully.
[0] webpack: Compiling...
[0] Hash: [1ma240c359936971930e70[39m[22m
[0] Version: webpack [1m2.7.0[39m[22m
[0] Time: [1m164[39m[22mms
[0]                                [1mAsset[39m[22m      [1mSize[39m[22m  [1mChunks[39m[22m  [1m[39m[22m           [1m[39m[22m       [1mChunk Names[39m[22m
[0]                      [1m[33mindex-bundle.js[39m[22m   [1m[33m1.87 MB[39m[22m       [1m0[39m[22m  [1m[32m[emitted][39m[22m  [1m[33m[big][39m[22m  index
[0] [1m[32m0.2f73eaf2d089796bcf5a.hot-update.js[39m[22m   3.85 kB       [1m0[39m[22m  [1m[32m[emitted][39m[22m         index
[0] [1m[32m2f73eaf2d089796bcf5a.hot-update.json[39m[22m  43 bytes        [1m[39m[22m  [1m[32m[emitted][39m[22m         
[0] chunk    {[1m[33m0[39m[22m} [1m[32mindex-bundle.js, 0.2f73eaf2d089796bcf5a.hot-update.js[39m[22m (index) 1.72 MB[1m[33m [entry][39m[22m[1m[32m [rendered][39m[22m
[0]    [82] [1m(webpack)/hot nonrecursive ^\.\/log$[39m[22m 160 bytes {[1m[33m0[39m[22m}[1m[32m [built][39m[22m
[0]    [86] [1m./app/Admin/Service/edit-service/create-service.component.js[39m[22m 2.19 kB {[1m[33m0[39m[22m}[1m[32m [built][39m[22m
[0]      + 85 hidden modules
[0] webpack: Compiled successfully.
[0] webpack: Compiling...
[0] Hash: [1maa65b394abbdbb14c678[39m[22m
[0] Version: webpack [1m2.7.0[39m[22m
[0] Time: [1m170[39m[22mms
[0]                                [1mAsset[39m[22m      [1mSize[39m[22m  [1mChunks[39m[22m  [1m[39m[22m           [1m[39m[22m       [1mChunk Names[39m[22m
[0]                      [1m[33mindex-bundle.js[39m[22m   [1m[33m1.87 MB[39m[22m       [1m0[39m[22m  [1m[32m[emitted][39m[22m  [1m[33m[big][39m[22m  index
[0] [1m[32m0.a240c359936971930e70.hot-update.js[39m[22m   3.91 kB       [1m0[39m[22m  [1m[32m[emitted][39m[22m         index
[0] [1m[32ma240c359936971930e70.hot-update.json[39m[22m  43 bytes        [1m[39m[22m  [1m[32m[emitted][39m[22m         
[0] chunk    {[1m[33m0[39m[22m} [1m[32mindex-bundle.js, 0.a240c359936971930e70.hot-update.js[39m[22m (index) 1.72 MB[1m[33m [entry][39m[22m[1m[32m [rendered][39m[22m
[0]    [82] [1m(webpack)/hot nonrecursive ^\.\/log$[39m[22m 160 bytes {[1m[33m0[39m[22m}[1m[32m [built][39m[22m
[0]    [86] [1m./app/Admin/Service/edit-service/create-service.component.js[39m[22m 2.23 kB {[1m[33m0[39m[22m}[1m[32m [built][39m[22m
[0]      + 85 hidden modules
[0] webpack: Compiled successfully.
[0] webpack: Compiling...
[0] Hash: [1mb6f34d200965060cb990[39m[22m
[0] Version: webpack [1m2.7.0[39m[22m
[0] Time: [1m98[39m[22mms
[0]                                [1mAsset[39m[22m      [1mSize[39m[22m  [1mChunks[39m[22m  [1m[39m[22m           [1m[39m[22m       [1mChunk Names[39m[22m
[0]                      [1m[33mindex-bundle.js[39m[22m   [1m[33m1.87 MB[39m[22m       [1m0[39m[22m  [1m[32m[emitted][39m[22m  [1m[33m[big][39m[22m  index
[0] [1m[32m0.aa65b394abbdbb14c678.hot-update.js[39m[22m   3.54 kB       [1m0[39m[22m  [1m[32m[emitted][39m[22m         index
[0] [1m[32maa65b394abbdbb14c678.hot-update.json[39m[22m  43 bytes        [1m[39m[22m  [1m[32m[emitted][39m[22m         
[0] chunk    {[1m[33m0[39m[22m} [1m[32mindex-bundle.js, 0.aa65b394abbdbb14c678.hot-update.js[39m[22m (index) 1.72 MB[1m[33m [entry][39m[22m[1m[32m [rendered][39m[22m
[0]    [82] [1m(webpack)/hot nonrecursive ^\.\/log$[39m[22m 160 bytes {[1m[33m0[39m[22m}[1m[32m [built][39m[22m
[0]    [86] [1m./app/Admin/Service/edit-service/create-service.component.js[39m[22m 1.89 kB {[1m[33m0[39m[22m}[1m[32m [built][39m[22m
[0]      + 85 hidden modules
[0] webpack: Compiled successfully.
webpack: Compiling...
[0] [0] Hash: [1me9f237d966035f9de06e[39m[22m
[0] Version: webpack [1m2.7.0[39m[22m
[0] Time: [1m245[39m[22mms
[0]                                [1mAsset[39m[22m      [1mSize[39m[22m  [1mChunks[39m[22m  [1m[39m[22m           [1m[39m[22m       [1mChunk Names[39m[22m
[0]                      [1m[33mindex-bundle.js[39m[22m   [1m[33m1.87 MB[39m[22m       [1m0[39m[22m  [1m[32m[emitted][39m[22m  [1m[33m[big][39m[22m  index
[0] [1m[32m0.b6f34d200965060cb990.hot-update.js[39m[22m   7.32 kB       [1m0[39m[22m  [1m[32m[emitted][39m[22m         index
[0] [1m[32mb6f34d200965060cb990.hot-update.json[39m[22m  43 bytes        [1m[39m[22m  [1m[32m[emitted][39m[22m         
[0] chunk    {[1m[33m0[39m[22m} [1m[32mindex-bundle.js, 0.b6f34d200965060cb990.hot-update.js[39m[22m (index) 1.72 MB[1m[33m [entry][39m[22m[1m[32m [rendered][39m[22m
[0]    [82] [1m(webpack)/hot nonrecursive ^\.\/log$[39m[22m 160 bytes {[1m[33m0[39m[22m}[1m[32m [built][39m[22m
[0]    [86] [1m./app/Admin/Service/edit-service/create-service.component.js[39m[22m 1.89 kB {[1m[33m0[39m[22m}[1m[32m [built][39m[22m
[0]    [87] [1m./app/Admin/Service/edit-service/create-service.template.html[39m[22m 2.92 kB {[1m[33m0[39m[22m}[1m[32m [built][39m[22m
[0]      + 85 hidden modules
[0] webpack: Compiled successfully.
[0] webpack: Compiling...
[0] Hash: [1m6e55c3dbf14da8eeb045[39m[22m
[0] Version: webpack [1m2.7.0[39m[22m
[0] Time: [1m65[39m[22mms
[0]                                [1mAsset[39m[22m      [1mSize[39m[22m  [1mChunks[39m[22m  [1m[39m[22m           [1m[39m[22m       [1mChunk Names[39m[22m
[0]                      [1m[33mindex-bundle.js[39m[22m   [1m[33m1.87 MB[39m[22m       [1m0[39m[22m  [1m[32m[emitted][39m[22m  [1m[33m[big][39m[22m  index
[0] [1m[32m0.e9f237d966035f9de06e.hot-update.js[39m[22m   3.78 kB       [1m0[39m[22m  [1m[32m[emitted][39m[22m         index
[0] [1m[32me9f237d966035f9de06e.hot-update.json[39m[22m  43 bytes        [1m[39m[22m  [1m[32m[emitted][39m[22m         
[0] chunk    {[1m[33m0[39m[22m} [1m[32mindex-bundle.js, 0.e9f237d966035f9de06e.hot-update.js[39m[22m (index) 1.72 MB[1m[33m [entry][39m[22m[1m[32m [rendered][39m[22m
[0]    [82] [1m(webpack)/hot nonrecursive ^\.\/log$[39m[22m 160 bytes {[1m[33m0[39m[22m}[1m[32m [built][39m[22m
[0]    [87] [1m./app/Admin/Service/edit-service/create-service.template.html[39m[22m 2.91 kB {[1m[33m0[39m[22m}[1m[32m [built][39m[22m
[0]      + 86 hidden modules
[0] webpack: Compiled successfully.
[0] webpack: Compiling...
[0] Hash: [1m00e5b81eacfb11a4eaca[39m[22m
[0] Version: webpack [1m2.7.0[39m[22m
[0] Time: [1m61[39m[22mms
[0]                                [1mAsset[39m[22m      [1mSize[39m[22m  [1mChunks[39m[22m  [1m[39m[22m           [1m[39m[22m       [1mChunk Names[39m[22m
[0]                      [1m[33mindex-bundle.js[39m[22m   [1m[33m1.87 MB[39m[22m       [1m0[39m[22m  [1m[32m[emitted][39m[22m  [1m[33m[big][39m[22m  index
[0] [1m[32m0.6e55c3dbf14da8eeb045.hot-update.js[39m[22m   3.77 kB       [1m0[39m[22m  [1m[32m[emitted][39m[22m         index
[0] [1m[32m6e55c3dbf14da8eeb045.hot-update.json[39m[22m  43 bytes        [1m[39m[22m  [1m[32m[emitted][39m[22m         
[0] chunk    {[1m[33m0[39m[22m} [1m[32mindex-bundle.js, 0.6e55c3dbf14da8eeb045.hot-update.js[39m[22m (index) 1.72 MB[1m[33m [entry][39m[22m[1m[32m [rendered][39m[22m
[0]    [82] [1m(webpack)/hot nonrecursive ^\.\/log$[39m[22m 160 bytes {[1m[33m0[39m[22m}[1m[32m [built][39m[22m
[0]    [87] [1m./app/Admin/Service/edit-service/create-service.template.html[39m[22m 2.89 kB {[1m[33m0[39m[22m}[1m[32m [built][39m[22m
[0]      + 86 hidden modules
[0] webpack: Compiled successfully.
[1] [0mGET /services/ [32m200 [0m1.726 ms - -[0m
[1] [1] [0mGET /companies/2 [32m200 [0m0.809 ms - 424[0m
[0mGET /companies/2 [32m200 [0m0.474 ms - 424[0m
[1] [0mGET /companies/5 [32m200 [0m2.340 ms - 342[0m
[1] [0mGET /companies/2 [32m200 [0m2.361 ms - 424[0m
[1] [0mGET /companies/3 [32m200 [0m2.376 ms - 381[0m
[1] [0mGET /companies/1 [32m200 [0m4.551 ms - 706[0m
[1] [0mGET /companies/1 [32m200 [0m0.260 ms - 706[0m
[0mGET /companies/6 [32m200 [0m0.379 ms - 610[0m
[1] [0mGET /companies/8 [32m200 [0m0.854 ms - 638[0m
[1] 